d:\c++proj\showrooms_project\showrooms_project\showrooms_project\x64\debug\vc143.pdb
d:\c++proj\showrooms_project\showrooms_project\showrooms_project\x64\debug\vc143.idb
d:\c++proj\showrooms_project\showrooms_project\showrooms_project\x64\debug\main.obj
d:\c++proj\showrooms_project\showrooms_project\showrooms_project\x64\debug\showrooms.obj
d:\c++proj\showrooms_project\showrooms_project\showrooms_project\x64\debug\service_process.obj
d:\c++proj\showrooms_project\showrooms_project\showrooms_project\x64\debug\service.obj
d:\c++proj\showrooms_project\showrooms_project\showrooms_project\x64\debug\garage.obj
d:\c++proj\showrooms_project\showrooms_project\showrooms_project\x64\debug\files_op.obj
d:\c++proj\showrooms_project\showrooms_project\showrooms_project\x64\debug\car.obj
d:\c++proj\showrooms_project\showrooms_project\showrooms_project\x64\debug\buy_rent.obj
d:\c++proj\showrooms_project\showrooms_project\showrooms_project\x64\debug\admin.obj
d:\c++proj\showrooms_project\showrooms_project\x64\debug\showrooms_project.exe
d:\c++proj\showrooms_project\showrooms_project\showrooms_project\x64\debug\showrooms_project.ilk
d:\c++proj\showrooms_project\showrooms_project\x64\debug\showrooms_project.pdb
h:\second year\4rd semester\ترم 2\ds\showrooms_project\showrooms_project\showrooms_project\x64\debug\admin.obj
h:\second year\4rd semester\ترم 2\ds\showrooms_project\showrooms_project\showrooms_project\x64\debug\buy_rent.obj
h:\second year\4rd semester\ترم 2\ds\showrooms_project\showrooms_project\showrooms_project\x64\debug\car.obj
h:\second year\4rd semester\ترم 2\ds\showrooms_project\showrooms_project\showrooms_project\x64\debug\files_op.obj
h:\second year\4rd semester\ترم 2\ds\showrooms_project\showrooms_project\showrooms_project\x64\debug\garage.obj
h:\second year\4rd semester\ترم 2\ds\showrooms_project\showrooms_project\showrooms_project\x64\debug\main.obj
h:\second year\4rd semester\ترم 2\ds\showrooms_project\showrooms_project\showrooms_project\x64\debug\service.obj
h:\second year\4rd semester\ترم 2\ds\showrooms_project\showrooms_project\showrooms_project\x64\debug\service_process.obj
h:\second year\4rd semester\ترم 2\ds\showrooms_project\showrooms_project\showrooms_project\x64\debug\showrooms.obj
h:\second year\4rd semester\ترم 2\ds\showrooms_project\showrooms_project\showrooms_project\x64\debug\showrooms_project.ilk
h:\second year\4rd semester\ترم 2\ds\showrooms_project\showrooms_project\showrooms_project\x64\debug\vc142.idb
h:\second year\4rd semester\ترم 2\ds\showrooms_project\showrooms_project\showrooms_project\x64\debug\vc143.idb
h:\second year\4rd semester\ترم 2\ds\showrooms_project\showrooms_project\showrooms_project\x64\debug\vc142.pdb
h:\second year\4rd semester\ترم 2\ds\showrooms_project\showrooms_project\showrooms_project\x64\debug\vc143.pdb
h:\second year\4rd semester\ترم 2\ds\showrooms_project\showrooms_project\x64\debug\showrooms_project.pdb
h:\second year\4rd semester\ترم 2\ds\showrooms_project\showrooms_project\x64\debug\showrooms_project.exe
h:\second year\4rd semester\ترم 2\ds\showrooms_project\showrooms_project\x64\debug\showrooms_project.ilk
h:\second year\4rd semester\ترم 2\ds\showrooms_project\showrooms_project\showrooms_project\x64\debug\showroom.a742b6a6.tlog\cl.command.1.tlog
h:\second year\4rd semester\ترم 2\ds\showrooms_project\showrooms_project\showrooms_project\x64\debug\showroom.a742b6a6.tlog\cl.read.1.tlog
h:\second year\4rd semester\ترم 2\ds\showrooms_project\showrooms_project\showrooms_project\x64\debug\showroom.a742b6a6.tlog\cl.write.1.tlog
h:\second year\4rd semester\ترم 2\ds\showrooms_project\showrooms_project\showrooms_project\x64\debug\showroom.a742b6a6.tlog\link.command.1.tlog
h:\second year\4rd semester\ترم 2\ds\showrooms_project\showrooms_project\showrooms_project\x64\debug\showroom.a742b6a6.tlog\link.read.1.tlog
h:\second year\4rd semester\ترم 2\ds\showrooms_project\showrooms_project\showrooms_project\x64\debug\showroom.a742b6a6.tlog\link.write.1.tlog
